<?xml version="1.0" encoding="UTF-8"?>
<!-- Generated by org.testng.reporters.JUnitReportReporter -->
<testsuite skipped="1" hostname="truptis-MacBook-Pro.local" name="com.test.automation.uiAutomation.homepage.TC003_VerifyLoginWithDifferentRecords" tests="2" failures="0" timestamp="08 Jul 2017 23:43:06 GMT" time="124.117" errors="0">
  <testcase name="testLoginWithDifferentRecords" time="0.001" classname="com.test.automation.uiAutomation.homepage.TC003_VerifyLoginWithDifferentRecords">
    <skipped/>
  </testcase> <!-- testLoginWithDifferentRecords -->
  <testcase name="testLoginWithDifferentRecords" time="124.116" classname="com.test.automation.uiAutomation.homepage.TC003_VerifyLoginWithDifferentRecords"/>
</testsuite> <!-- com.test.automation.uiAutomation.homepage.TC003_VerifyLoginWithDifferentRecords -->
